        -:    0:Source:/usr/local/Cellar/opencv/4.3.0_4/include/opencv4/opencv2/core/mat.hpp
        -:    0:Graph:/Users/bytedance/CLionProjects/C-projcet/cmake-build-debug/CMakeFiles/cppProject.dir/code/main.cpp.gcno
        -:    0:Data:/Users/bytedance/CLionProjects/C-projcet/cmake-build-debug/CMakeFiles/cppProject.dir/code/main.cpp.gcda
        -:    0:Runs:1
        -:    0:Programs:1
        -:    1:/*M///////////////////////////////////////////////////////////////////////////////////////
        -:    2://
        -:    3://  IMPORTANT: READ BEFORE DOWNLOADING, COPYING, INSTALLING OR USING.
        -:    4://
        -:    5://  By downloading, copying, installing or using the software you agree to this license.
        -:    6://  If you do not agree to this license, do not download, install,
        -:    7://  copy or use the software.
        -:    8://
        -:    9://
        -:   10://                          License Agreement
        -:   11://                For Open Source Computer Vision Library
        -:   12://
        -:   13:// Copyright (C) 2000-2008, Intel Corporation, all rights reserved.
        -:   14:// Copyright (C) 2009, Willow Garage Inc., all rights reserved.
        -:   15:// Copyright (C) 2013, OpenCV Foundation, all rights reserved.
        -:   16:// Third party copyrights are property of their respective owners.
        -:   17://
        -:   18:// Redistribution and use in source and binary forms, with or without modification,
        -:   19:// are permitted provided that the following conditions are met:
        -:   20://
        -:   21://   * Redistribution's of source code must retain the above copyright notice,
        -:   22://     this list of conditions and the following disclaimer.
        -:   23://
        -:   24://   * Redistribution's in binary form must reproduce the above copyright notice,
        -:   25://     this list of conditions and the following disclaimer in the documentation
        -:   26://     and/or other materials provided with the distribution.
        -:   27://
        -:   28://   * The name of the copyright holders may not be used to endorse or promote products
        -:   29://     derived from this software without specific prior written permission.
        -:   30://
        -:   31:// This software is provided by the copyright holders and contributors "as is" and
        -:   32:// any express or implied warranties, including, but not limited to, the implied
        -:   33:// warranties of merchantability and fitness for a particular purpose are disclaimed.
        -:   34:// In no event shall the Intel Corporation or contributors be liable for any direct,
        -:   35:// indirect, incidental, special, exemplary, or consequential damages
        -:   36:// (including, but not limited to, procurement of substitute goods or services;
        -:   37:// loss of use, data, or profits; or business interruption) however caused
        -:   38:// and on any theory of liability, whether in contract, strict liability,
        -:   39:// or tort (including negligence or otherwise) arising in any way out of
        -:   40:// the use of this software, even if advised of the possibility of such damage.
        -:   41://
        -:   42://M*/
        -:   43:
        -:   44:#ifndef OPENCV_CORE_MAT_HPP
        -:   45:#define OPENCV_CORE_MAT_HPP
        -:   46:
        -:   47:#ifndef __cplusplus
        -:   48:#  error mat.hpp header must be compiled as C++
        -:   49:#endif
        -:   50:
        -:   51:#include "opencv2/core/matx.hpp"
        -:   52:#include "opencv2/core/types.hpp"
        -:   53:
        -:   54:#include "opencv2/core/bufferpool.hpp"
        -:   55:
        -:   56:#include <type_traits>
        -:   57:
        -:   58:namespace cv
        -:   59:{
        -:   60:
        -:   61://! @addtogroup core_basic
        -:   62://! @{
        -:   63:
        -:   64:enum AccessFlag { ACCESS_READ=1<<24, ACCESS_WRITE=1<<25,
        -:   65:    ACCESS_RW=3<<24, ACCESS_MASK=ACCESS_RW, ACCESS_FAST=1<<26 };
        -:   66:CV_ENUM_FLAGS(AccessFlag)
        -:   67:__CV_ENUM_FLAGS_BITWISE_AND(AccessFlag, int, AccessFlag)
        -:   68:
        -:   69:CV__DEBUG_NS_BEGIN
        -:   70:
        -:   71:class CV_EXPORTS _OutputArray;
        -:   72:
        -:   73://////////////////////// Input/Output Array Arguments /////////////////////////////////
        -:   74:
        -:   75:/** @brief This is the proxy class for passing read-only input arrays into OpenCV functions.
        -:   76:
        -:   77:It is defined as:
        -:   78:@code
        -:   79:    typedef const _InputArray& InputArray;
        -:   80:@endcode
        -:   81:where _InputArray is a class that can be constructed from `Mat`, `Mat_<T>`, `Matx<T, m, n>`,
        -:   82:`std::vector<T>`, `std::vector<std::vector<T> >`, `std::vector<Mat>`, `std::vector<Mat_<T> >`,
        -:   83:`UMat`, `std::vector<UMat>` or `double`. It can also be constructed from a matrix expression.
        -:   84:
        -:   85:Since this is mostly implementation-level class, and its interface may change in future versions, we
        -:   86:do not describe it in details. There are a few key things, though, that should be kept in mind:
        -:   87:
        -:   88:-   When you see in the reference manual or in OpenCV source code a function that takes
        -:   89:    InputArray, it means that you can actually pass `Mat`, `Matx`, `vector<T>` etc. (see above the
        -:   90:    complete list).
        -:   91:-   Optional input arguments: If some of the input arrays may be empty, pass cv::noArray() (or
        -:   92:    simply cv::Mat() as you probably did before).
        -:   93:-   The class is designed solely for passing parameters. That is, normally you *should not*
        -:   94:    declare class members, local and global variables of this type.
        -:   95:-   If you want to design your own function or a class method that can operate of arrays of
        -:   96:    multiple types, you can use InputArray (or OutputArray) for the respective parameters. Inside
        -:   97:    a function you should use _InputArray::getMat() method to construct a matrix header for the
        -:   98:    array (without copying data). _InputArray::kind() can be used to distinguish Mat from
        -:   99:    `vector<>` etc., but normally it is not needed.
        -:  100:
        -:  101:Here is how you can use a function that takes InputArray :
        -:  102:@code
        -:  103:    std::vector<Point2f> vec;
        -:  104:    // points or a circle
        -:  105:    for( int i = 0; i < 30; i++ )
        -:  106:        vec.push_back(Point2f((float)(100 + 30*cos(i*CV_PI*2/5)),
        -:  107:                              (float)(100 - 30*sin(i*CV_PI*2/5))));
        -:  108:    cv::transform(vec, vec, cv::Matx23f(0.707, -0.707, 10, 0.707, 0.707, 20));
        -:  109:@endcode
        -:  110:That is, we form an STL vector containing points, and apply in-place affine transformation to the
        -:  111:vector using the 2x3 matrix created inline as `Matx<float, 2, 3>` instance.
        -:  112:
        -:  113:Here is how such a function can be implemented (for simplicity, we implement a very specific case of
        -:  114:it, according to the assertion statement inside) :
        -:  115:@code
        -:  116:    void myAffineTransform(InputArray _src, OutputArray _dst, InputArray _m)
        -:  117:    {
        -:  118:        // get Mat headers for input arrays. This is O(1) operation,
        -:  119:        // unless _src and/or _m are matrix expressions.
        -:  120:        Mat src = _src.getMat(), m = _m.getMat();
        -:  121:        CV_Assert( src.type() == CV_32FC2 && m.type() == CV_32F && m.size() == Size(3, 2) );
        -:  122:
        -:  123:        // [re]create the output array so that it has the proper size and type.
        -:  124:        // In case of Mat it calls Mat::create, in case of STL vector it calls vector::resize.
        -:  125:        _dst.create(src.size(), src.type());
        -:  126:        Mat dst = _dst.getMat();
        -:  127:
        -:  128:        for( int i = 0; i < src.rows; i++ )
        -:  129:            for( int j = 0; j < src.cols; j++ )
        -:  130:            {
        -:  131:                Point2f pt = src.at<Point2f>(i, j);
        -:  132:                dst.at<Point2f>(i, j) = Point2f(m.at<float>(0, 0)*pt.x +
        -:  133:                                                m.at<float>(0, 1)*pt.y +
        -:  134:                                                m.at<float>(0, 2),
        -:  135:                                                m.at<float>(1, 0)*pt.x +
        -:  136:                                                m.at<float>(1, 1)*pt.y +
        -:  137:                                                m.at<float>(1, 2));
        -:  138:            }
        -:  139:    }
        -:  140:@endcode
        -:  141:There is another related type, InputArrayOfArrays, which is currently defined as a synonym for
        -:  142:InputArray:
        -:  143:@code
        -:  144:    typedef InputArray InputArrayOfArrays;
        -:  145:@endcode
        -:  146:It denotes function arguments that are either vectors of vectors or vectors of matrices. A separate
        -:  147:synonym is needed to generate Python/Java etc. wrappers properly. At the function implementation
        -:  148:level their use is similar, but _InputArray::getMat(idx) should be used to get header for the
        -:  149:idx-th component of the outer vector and _InputArray::size().area() should be used to find the
        -:  150:number of components (vectors/matrices) of the outer vector.
        -:  151:
        -:  152:In general, type support is limited to cv::Mat types. Other types are forbidden.
        -:  153:But in some cases we need to support passing of custom non-general Mat types, like arrays of cv::KeyPoint, cv::DMatch, etc.
        -:  154:This data is not intended to be interpreted as an image data, or processed somehow like regular cv::Mat.
        -:  155:To pass such custom type use rawIn() / rawOut() / rawInOut() wrappers.
        -:  156:Custom type is wrapped as Mat-compatible `CV_8UC<N>` values (N = sizeof(T), N <= CV_CN_MAX).
        -:  157: */
        -:  158:class CV_EXPORTS _InputArray
        -:  159:{
        -:  160:public:
        -:  161:    enum KindFlag {
        -:  162:        KIND_SHIFT = 16,
        -:  163:        FIXED_TYPE = 0x8000 << KIND_SHIFT,
        -:  164:        FIXED_SIZE = 0x4000 << KIND_SHIFT,
        -:  165:        KIND_MASK = 31 << KIND_SHIFT,
        -:  166:
        -:  167:        NONE              = 0 << KIND_SHIFT,
        -:  168:        MAT               = 1 << KIND_SHIFT,
        -:  169:        MATX              = 2 << KIND_SHIFT,
        -:  170:        STD_VECTOR        = 3 << KIND_SHIFT,
        -:  171:        STD_VECTOR_VECTOR = 4 << KIND_SHIFT,
        -:  172:        STD_VECTOR_MAT    = 5 << KIND_SHIFT,
        -:  173:        EXPR              = 6 << KIND_SHIFT,
        -:  174:        OPENGL_BUFFER     = 7 << KIND_SHIFT,
        -:  175:        CUDA_HOST_MEM     = 8 << KIND_SHIFT,
        -:  176:        CUDA_GPU_MAT      = 9 << KIND_SHIFT,
        -:  177:        UMAT              =10 << KIND_SHIFT,
        -:  178:        STD_VECTOR_UMAT   =11 << KIND_SHIFT,
        -:  179:        STD_BOOL_VECTOR   =12 << KIND_SHIFT,
        -:  180:        STD_VECTOR_CUDA_GPU_MAT = 13 << KIND_SHIFT,
        -:  181:        STD_ARRAY         =14 << KIND_SHIFT,
        -:  182:        STD_ARRAY_MAT     =15 << KIND_SHIFT
        -:  183:    };
        -:  184:
        -:  185:    _InputArray();
        -:  186:    _InputArray(int _flags, void* _obj);
        -:  187:    _InputArray(const Mat& m);
        -:  188:    _InputArray(const MatExpr& expr);
        -:  189:    _InputArray(const std::vector<Mat>& vec);
        -:  190:    template<typename _Tp> _InputArray(const Mat_<_Tp>& m);
        -:  191:    template<typename _Tp> _InputArray(const std::vector<_Tp>& vec);
        -:  192:    _InputArray(const std::vector<bool>& vec);
        -:  193:    template<typename _Tp> _InputArray(const std::vector<std::vector<_Tp> >& vec);
        -:  194:    _InputArray(const std::vector<std::vector<bool> >&) = delete;  // not supported
        -:  195:    template<typename _Tp> _InputArray(const std::vector<Mat_<_Tp> >& vec);
        -:  196:    template<typename _Tp> _InputArray(const _Tp* vec, int n);
        -:  197:    template<typename _Tp, int m, int n> _InputArray(const Matx<_Tp, m, n>& matx);
        -:  198:    _InputArray(const double& val);
        -:  199:    _InputArray(const cuda::GpuMat& d_mat);
        -:  200:    _InputArray(const std::vector<cuda::GpuMat>& d_mat_array);
        -:  201:    _InputArray(const ogl::Buffer& buf);
        -:  202:    _InputArray(const cuda::HostMem& cuda_mem);
        -:  203:    template<typename _Tp> _InputArray(const cudev::GpuMat_<_Tp>& m);
        -:  204:    _InputArray(const UMat& um);
        -:  205:    _InputArray(const std::vector<UMat>& umv);
        -:  206:
        -:  207:    template<typename _Tp, std::size_t _Nm> _InputArray(const std::array<_Tp, _Nm>& arr);
        -:  208:    template<std::size_t _Nm> _InputArray(const std::array<Mat, _Nm>& arr);
        -:  209:
        -:  210:    template<typename _Tp> static _InputArray rawIn(const std::vector<_Tp>& vec);
        -:  211:    template<typename _Tp, std::size_t _Nm> static _InputArray rawIn(const std::array<_Tp, _Nm>& arr);
        -:  212:
        -:  213:    Mat getMat(int idx=-1) const;
        -:  214:    Mat getMat_(int idx=-1) const;
        -:  215:    UMat getUMat(int idx=-1) const;
        -:  216:    void getMatVector(std::vector<Mat>& mv) const;
        -:  217:    void getUMatVector(std::vector<UMat>& umv) const;
        -:  218:    void getGpuMatVector(std::vector<cuda::GpuMat>& gpumv) const;
        -:  219:    cuda::GpuMat getGpuMat() const;
        -:  220:    ogl::Buffer getOGlBuffer() const;
        -:  221:
        -:  222:    int getFlags() const;
        -:  223:    void* getObj() const;
        -:  224:    Size getSz() const;
        -:  225:
        -:  226:    _InputArray::KindFlag kind() const;
        -:  227:    int dims(int i=-1) const;
        -:  228:    int cols(int i=-1) const;
        -:  229:    int rows(int i=-1) const;
        -:  230:    Size size(int i=-1) const;
        -:  231:    int sizend(int* sz, int i=-1) const;
        -:  232:    bool sameSize(const _InputArray& arr) const;
        -:  233:    size_t total(int i=-1) const;
        -:  234:    int type(int i=-1) const;
        -:  235:    int depth(int i=-1) const;
        -:  236:    int channels(int i=-1) const;
        -:  237:    bool isContinuous(int i=-1) const;
        -:  238:    bool isSubmatrix(int i=-1) const;
        -:  239:    bool empty() const;
        -:  240:    void copyTo(const _OutputArray& arr) const;
        -:  241:    void copyTo(const _OutputArray& arr, const _InputArray & mask) const;
        -:  242:    size_t offset(int i=-1) const;
        -:  243:    size_t step(int i=-1) const;
        -:  244:    bool isMat() const;
        -:  245:    bool isUMat() const;
        -:  246:    bool isMatVector() const;
        -:  247:    bool isUMatVector() const;
        -:  248:    bool isMatx() const;
        -:  249:    bool isVector() const;
        -:  250:    bool isGpuMat() const;
        -:  251:    bool isGpuMatVector() const;
        -:  252:    ~_InputArray();
        -:  253:
        -:  254:protected:
        -:  255:    int flags;
        -:  256:    void* obj;
        -:  257:    Size sz;
        -:  258:
        -:  259:    void init(int _flags, const void* _obj);
        -:  260:    void init(int _flags, const void* _obj, Size _sz);
        -:  261:};
        -:  262:CV_ENUM_FLAGS(_InputArray::KindFlag)
        -:  263:__CV_ENUM_FLAGS_BITWISE_AND(_InputArray::KindFlag, int, _InputArray::KindFlag)
        -:  264:
        -:  265:/** @brief This type is very similar to InputArray except that it is used for input/output and output function
        -:  266:parameters.
        -:  267:
        -:  268:Just like with InputArray, OpenCV users should not care about OutputArray, they just pass `Mat`,
        -:  269:`vector<T>` etc. to the functions. The same limitation as for `InputArray`: *Do not explicitly
        -:  270:create OutputArray instances* applies here too.
        -:  271:
        -:  272:If you want to make your function polymorphic (i.e. accept different arrays as output parameters),
        -:  273:it is also not very difficult. Take the sample above as the reference. Note that
        -:  274:_OutputArray::create() needs to be called before _OutputArray::getMat(). This way you guarantee
        -:  275:that the output array is properly allocated.
        -:  276:
        -:  277:Optional output parameters. If you do not need certain output array to be computed and returned to
        -:  278:you, pass cv::noArray(), just like you would in the case of optional input array. At the
        -:  279:implementation level, use _OutputArray::needed() to check if certain output array needs to be
        -:  280:computed or not.
        -:  281:
        -:  282:There are several synonyms for OutputArray that are used to assist automatic Python/Java/... wrapper
        -:  283:generators:
        -:  284:@code
        -:  285:    typedef OutputArray OutputArrayOfArrays;
        -:  286:    typedef OutputArray InputOutputArray;
        -:  287:    typedef OutputArray InputOutputArrayOfArrays;
        -:  288:@endcode
        -:  289: */
        -:  290:class CV_EXPORTS _OutputArray : public _InputArray
        -:  291:{
        -:  292:public:
        -:  293:    enum DepthMask
        -:  294:    {
        -:  295:        DEPTH_MASK_8U = 1 << CV_8U,
        -:  296:        DEPTH_MASK_8S = 1 << CV_8S,
        -:  297:        DEPTH_MASK_16U = 1 << CV_16U,
        -:  298:        DEPTH_MASK_16S = 1 << CV_16S,
        -:  299:        DEPTH_MASK_32S = 1 << CV_32S,
        -:  300:        DEPTH_MASK_32F = 1 << CV_32F,
        -:  301:        DEPTH_MASK_64F = 1 << CV_64F,
        -:  302:        DEPTH_MASK_16F = 1 << CV_16F,
        -:  303:        DEPTH_MASK_ALL = (DEPTH_MASK_64F<<1)-1,
        -:  304:        DEPTH_MASK_ALL_BUT_8S = DEPTH_MASK_ALL & ~DEPTH_MASK_8S,
        -:  305:        DEPTH_MASK_ALL_16F = (DEPTH_MASK_16F<<1)-1,
        -:  306:        DEPTH_MASK_FLT = DEPTH_MASK_32F + DEPTH_MASK_64F
        -:  307:    };
        -:  308:
        -:  309:    _OutputArray();
        -:  310:    _OutputArray(int _flags, void* _obj);
        -:  311:    _OutputArray(Mat& m);
        -:  312:    _OutputArray(std::vector<Mat>& vec);
        -:  313:    _OutputArray(cuda::GpuMat& d_mat);
        -:  314:    _OutputArray(std::vector<cuda::GpuMat>& d_mat);
        -:  315:    _OutputArray(ogl::Buffer& buf);
        -:  316:    _OutputArray(cuda::HostMem& cuda_mem);
        -:  317:    template<typename _Tp> _OutputArray(cudev::GpuMat_<_Tp>& m);
        -:  318:    template<typename _Tp> _OutputArray(std::vector<_Tp>& vec);
        -:  319:    _OutputArray(std::vector<bool>& vec) = delete;  // not supported
        -:  320:    template<typename _Tp> _OutputArray(std::vector<std::vector<_Tp> >& vec);
        -:  321:    _OutputArray(std::vector<std::vector<bool> >&) = delete;  // not supported
        -:  322:    template<typename _Tp> _OutputArray(std::vector<Mat_<_Tp> >& vec);
        -:  323:    template<typename _Tp> _OutputArray(Mat_<_Tp>& m);
        -:  324:    template<typename _Tp> _OutputArray(_Tp* vec, int n);
        -:  325:    template<typename _Tp, int m, int n> _OutputArray(Matx<_Tp, m, n>& matx);
        -:  326:    _OutputArray(UMat& m);
        -:  327:    _OutputArray(std::vector<UMat>& vec);
        -:  328:
        -:  329:    _OutputArray(const Mat& m);
        -:  330:    _OutputArray(const std::vector<Mat>& vec);
        -:  331:    _OutputArray(const cuda::GpuMat& d_mat);
        -:  332:    _OutputArray(const std::vector<cuda::GpuMat>& d_mat);
        -:  333:    _OutputArray(const ogl::Buffer& buf);
        -:  334:    _OutputArray(const cuda::HostMem& cuda_mem);
        -:  335:    template<typename _Tp> _OutputArray(const cudev::GpuMat_<_Tp>& m);
        -:  336:    template<typename _Tp> _OutputArray(const std::vector<_Tp>& vec);
        -:  337:    template<typename _Tp> _OutputArray(const std::vector<std::vector<_Tp> >& vec);
        -:  338:    template<typename _Tp> _OutputArray(const std::vector<Mat_<_Tp> >& vec);
        -:  339:    template<typename _Tp> _OutputArray(const Mat_<_Tp>& m);
        -:  340:    template<typename _Tp> _OutputArray(const _Tp* vec, int n);
        -:  341:    template<typename _Tp, int m, int n> _OutputArray(const Matx<_Tp, m, n>& matx);
        -:  342:    _OutputArray(const UMat& m);
        -:  343:    _OutputArray(const std::vector<UMat>& vec);
        -:  344:
        -:  345:    template<typename _Tp, std::size_t _Nm> _OutputArray(std::array<_Tp, _Nm>& arr);
        -:  346:    template<typename _Tp, std::size_t _Nm> _OutputArray(const std::array<_Tp, _Nm>& arr);
        -:  347:    template<std::size_t _Nm> _OutputArray(std::array<Mat, _Nm>& arr);
        -:  348:    template<std::size_t _Nm> _OutputArray(const std::array<Mat, _Nm>& arr);
        -:  349:
        -:  350:    template<typename _Tp> static _OutputArray rawOut(std::vector<_Tp>& vec);
        -:  351:    template<typename _Tp, std::size_t _Nm> static _OutputArray rawOut(std::array<_Tp, _Nm>& arr);
        -:  352:
        -:  353:    bool fixedSize() const;
        -:  354:    bool fixedType() const;
        -:  355:    bool needed() const;
        -:  356:    Mat& getMatRef(int i=-1) const;
        -:  357:    UMat& getUMatRef(int i=-1) const;
        -:  358:    cuda::GpuMat& getGpuMatRef() const;
        -:  359:    std::vector<cuda::GpuMat>& getGpuMatVecRef() const;
        -:  360:    ogl::Buffer& getOGlBufferRef() const;
        -:  361:    cuda::HostMem& getHostMemRef() const;
        -:  362:    void create(Size sz, int type, int i=-1, bool allowTransposed=false, _OutputArray::DepthMask fixedDepthMask=static_cast<_OutputArray::DepthMask>(0)) const;
        -:  363:    void create(int rows, int cols, int type, int i=-1, bool allowTransposed=false, _OutputArray::DepthMask fixedDepthMask=static_cast<_OutputArray::DepthMask>(0)) const;
        -:  364:    void create(int dims, const int* size, int type, int i=-1, bool allowTransposed=false, _OutputArray::DepthMask fixedDepthMask=static_cast<_OutputArray::DepthMask>(0)) const;
        -:  365:    void createSameSize(const _InputArray& arr, int mtype) const;
        -:  366:    void release() const;
        -:  367:    void clear() const;
        -:  368:    void setTo(const _InputArray& value, const _InputArray & mask = _InputArray()) const;
        -:  369:
        -:  370:    void assign(const UMat& u) const;
        -:  371:    void assign(const Mat& m) const;
        -:  372:
        -:  373:    void assign(const std::vector<UMat>& v) const;
        -:  374:    void assign(const std::vector<Mat>& v) const;
        -:  375:
        -:  376:    void move(UMat& u) const;
        -:  377:    void move(Mat& m) const;
        -:  378:};
        -:  379:
        -:  380:
        -:  381:class CV_EXPORTS _InputOutputArray : public _OutputArray
        -:  382:{
        -:  383:public:
        -:  384:    _InputOutputArray();
        -:  385:    _InputOutputArray(int _flags, void* _obj);
        -:  386:    _InputOutputArray(Mat& m);
        -:  387:    _InputOutputArray(std::vector<Mat>& vec);
        -:  388:    _InputOutputArray(cuda::GpuMat& d_mat);
        -:  389:    _InputOutputArray(ogl::Buffer& buf);
        -:  390:    _InputOutputArray(cuda::HostMem& cuda_mem);
        -:  391:    template<typename _Tp> _InputOutputArray(cudev::GpuMat_<_Tp>& m);
        -:  392:    template<typename _Tp> _InputOutputArray(std::vector<_Tp>& vec);
        -:  393:    _InputOutputArray(std::vector<bool>& vec) = delete;  // not supported
        -:  394:    template<typename _Tp> _InputOutputArray(std::vector<std::vector<_Tp> >& vec);
        -:  395:    template<typename _Tp> _InputOutputArray(std::vector<Mat_<_Tp> >& vec);
        -:  396:    template<typename _Tp> _InputOutputArray(Mat_<_Tp>& m);
        -:  397:    template<typename _Tp> _InputOutputArray(_Tp* vec, int n);
        -:  398:    template<typename _Tp, int m, int n> _InputOutputArray(Matx<_Tp, m, n>& matx);
        -:  399:    _InputOutputArray(UMat& m);
        -:  400:    _InputOutputArray(std::vector<UMat>& vec);
        -:  401:
        -:  402:    _InputOutputArray(const Mat& m);
        -:  403:    _InputOutputArray(const std::vector<Mat>& vec);
        -:  404:    _InputOutputArray(const cuda::GpuMat& d_mat);
        -:  405:    _InputOutputArray(const std::vector<cuda::GpuMat>& d_mat);
        -:  406:    _InputOutputArray(const ogl::Buffer& buf);
        -:  407:    _InputOutputArray(const cuda::HostMem& cuda_mem);
        -:  408:    template<typename _Tp> _InputOutputArray(const cudev::GpuMat_<_Tp>& m);
        -:  409:    template<typename _Tp> _InputOutputArray(const std::vector<_Tp>& vec);
        -:  410:    template<typename _Tp> _InputOutputArray(const std::vector<std::vector<_Tp> >& vec);
        -:  411:    template<typename _Tp> _InputOutputArray(const std::vector<Mat_<_Tp> >& vec);
        -:  412:    template<typename _Tp> _InputOutputArray(const Mat_<_Tp>& m);
        -:  413:    template<typename _Tp> _InputOutputArray(const _Tp* vec, int n);
        -:  414:    template<typename _Tp, int m, int n> _InputOutputArray(const Matx<_Tp, m, n>& matx);
        -:  415:    _InputOutputArray(const UMat& m);
        -:  416:    _InputOutputArray(const std::vector<UMat>& vec);
        -:  417:
        -:  418:    template<typename _Tp, std::size_t _Nm> _InputOutputArray(std::array<_Tp, _Nm>& arr);
        -:  419:    template<typename _Tp, std::size_t _Nm> _InputOutputArray(const std::array<_Tp, _Nm>& arr);
        -:  420:    template<std::size_t _Nm> _InputOutputArray(std::array<Mat, _Nm>& arr);
        -:  421:    template<std::size_t _Nm> _InputOutputArray(const std::array<Mat, _Nm>& arr);
        -:  422:
        -:  423:    template<typename _Tp> static _InputOutputArray rawInOut(std::vector<_Tp>& vec);
        -:  424:    template<typename _Tp, std::size_t _Nm> _InputOutputArray rawInOut(std::array<_Tp, _Nm>& arr);
        -:  425:
        -:  426:};
        -:  427:
        -:  428:/** Helper to wrap custom types. @see InputArray */
        -:  429:template<typename _Tp> static inline _InputArray rawIn(_Tp& v);
        -:  430:/** Helper to wrap custom types. @see InputArray */
        -:  431:template<typename _Tp> static inline _OutputArray rawOut(_Tp& v);
        -:  432:/** Helper to wrap custom types. @see InputArray */
        -:  433:template<typename _Tp> static inline _InputOutputArray rawInOut(_Tp& v);
        -:  434:
        -:  435:CV__DEBUG_NS_END
        -:  436:
        -:  437:typedef const _InputArray& InputArray;
        -:  438:typedef InputArray InputArrayOfArrays;
        -:  439:typedef const _OutputArray& OutputArray;
        -:  440:typedef OutputArray OutputArrayOfArrays;
        -:  441:typedef const _InputOutputArray& InputOutputArray;
        -:  442:typedef InputOutputArray InputOutputArrayOfArrays;
        -:  443:
        -:  444:CV_EXPORTS InputOutputArray noArray();
        -:  445:
        -:  446://///////////////////////////////// MatAllocator //////////////////////////////////////
        -:  447:
        -:  448://! Usage flags for allocator
        -:  449:enum UMatUsageFlags
        -:  450:{
        -:  451:    USAGE_DEFAULT = 0,
        -:  452:
        -:  453:    // buffer allocation policy is platform and usage specific
        -:  454:    USAGE_ALLOCATE_HOST_MEMORY = 1 << 0,
        -:  455:    USAGE_ALLOCATE_DEVICE_MEMORY = 1 << 1,
        -:  456:    USAGE_ALLOCATE_SHARED_MEMORY = 1 << 2, // It is not equal to: USAGE_ALLOCATE_HOST_MEMORY | USAGE_ALLOCATE_DEVICE_MEMORY
        -:  457:
        -:  458:    __UMAT_USAGE_FLAGS_32BIT = 0x7fffffff // Binary compatibility hint
        -:  459:};
        -:  460:
        -:  461:struct CV_EXPORTS UMatData;
        -:  462:
        -:  463:/** @brief  Custom array allocator
        -:  464:*/
        -:  465:class CV_EXPORTS MatAllocator
        -:  466:{
        -:  467:public:
        -:  468:    MatAllocator() {}
        -:  469:    virtual ~MatAllocator() {}
        -:  470:
        -:  471:    // let's comment it off for now to detect and fix all the uses of allocator
        -:  472:    //virtual void allocate(int dims, const int* sizes, int type, int*& refcount,
        -:  473:    //                      uchar*& datastart, uchar*& data, size_t* step) = 0;
        -:  474:    //virtual void deallocate(int* refcount, uchar* datastart, uchar* data) = 0;
        -:  475:    virtual UMatData* allocate(int dims, const int* sizes, int type,
        -:  476:                               void* data, size_t* step, AccessFlag flags, UMatUsageFlags usageFlags) const = 0;
        -:  477:    virtual bool allocate(UMatData* data, AccessFlag accessflags, UMatUsageFlags usageFlags) const = 0;
        -:  478:    virtual void deallocate(UMatData* data) const = 0;
        -:  479:    virtual void map(UMatData* data, AccessFlag accessflags) const;
        -:  480:    virtual void unmap(UMatData* data) const;
        -:  481:    virtual void download(UMatData* data, void* dst, int dims, const size_t sz[],
        -:  482:                          const size_t srcofs[], const size_t srcstep[],
        -:  483:                          const size_t dststep[]) const;
        -:  484:    virtual void upload(UMatData* data, const void* src, int dims, const size_t sz[],
        -:  485:                        const size_t dstofs[], const size_t dststep[],
        -:  486:                        const size_t srcstep[]) const;
        -:  487:    virtual void copy(UMatData* srcdata, UMatData* dstdata, int dims, const size_t sz[],
        -:  488:                      const size_t srcofs[], const size_t srcstep[],
        -:  489:                      const size_t dstofs[], const size_t dststep[], bool sync) const;
        -:  490:
        -:  491:    // default implementation returns DummyBufferPoolController
        -:  492:    virtual BufferPoolController* getBufferPoolController(const char* id = NULL) const;
        -:  493:};
        -:  494:
        -:  495:
        -:  496://////////////////////////////// MatCommaInitializer //////////////////////////////////
        -:  497:
        -:  498:/** @brief  Comma-separated Matrix Initializer
        -:  499:
        -:  500: The class instances are usually not created explicitly.
        -:  501: Instead, they are created on "matrix << firstValue" operator.
        -:  502:
        -:  503: The sample below initializes 2x2 rotation matrix:
        -:  504:
        -:  505: \code
        -:  506: double angle = 30, a = cos(angle*CV_PI/180), b = sin(angle*CV_PI/180);
        -:  507: Mat R = (Mat_<double>(2,2) << a, -b, b, a);
        -:  508: \endcode
        -:  509:*/
        -:  510:template<typename _Tp> class MatCommaInitializer_
        -:  511:{
        -:  512:public:
        -:  513:    //! the constructor, created by "matrix << firstValue" operator, where matrix is cv::Mat
        -:  514:    MatCommaInitializer_(Mat_<_Tp>* _m);
        -:  515:    //! the operator that takes the next value and put it to the matrix
        -:  516:    template<typename T2> MatCommaInitializer_<_Tp>& operator , (T2 v);
        -:  517:    //! another form of conversion operator
        -:  518:    operator Mat_<_Tp>() const;
        -:  519:protected:
        -:  520:    MatIterator_<_Tp> it;
        -:  521:};
        -:  522:
        -:  523:
        -:  524://///////////////////////////////////// Mat ///////////////////////////////////////////
        -:  525:
        -:  526:// note that umatdata might be allocated together
        -:  527:// with the matrix data, not as a separate object.
        -:  528:// therefore, it does not have constructor or destructor;
        -:  529:// it should be explicitly initialized using init().
        -:  530:struct CV_EXPORTS UMatData
        -:  531:{
        -:  532:    enum MemoryFlag { COPY_ON_MAP=1, HOST_COPY_OBSOLETE=2,
        -:  533:        DEVICE_COPY_OBSOLETE=4, TEMP_UMAT=8, TEMP_COPIED_UMAT=24,
        -:  534:        USER_ALLOCATED=32, DEVICE_MEM_MAPPED=64,
        -:  535:        ASYNC_CLEANUP=128
        -:  536:    };
        -:  537:    UMatData(const MatAllocator* allocator);
        -:  538:    ~UMatData();
        -:  539:
        -:  540:    // provide atomic access to the structure
        -:  541:    void lock();
        -:  542:    void unlock();
        -:  543:
        -:  544:    bool hostCopyObsolete() const;
        -:  545:    bool deviceCopyObsolete() const;
        -:  546:    bool deviceMemMapped() const;
        -:  547:    bool copyOnMap() const;
        -:  548:    bool tempUMat() const;
        -:  549:    bool tempCopiedUMat() const;
        -:  550:    void markHostCopyObsolete(bool flag);
        -:  551:    void markDeviceCopyObsolete(bool flag);
        -:  552:    void markDeviceMemMapped(bool flag);
        -:  553:
        -:  554:    const MatAllocator* prevAllocator;
        -:  555:    const MatAllocator* currAllocator;
        -:  556:    int urefcount;
        -:  557:    int refcount;
        -:  558:    uchar* data;
        -:  559:    uchar* origdata;
        -:  560:    size_t size;
        -:  561:
        -:  562:    UMatData::MemoryFlag flags;
        -:  563:    void* handle;
        -:  564:    void* userdata;
        -:  565:    int allocatorFlags_;
        -:  566:    int mapcount;
        -:  567:    UMatData* originalUMatData;
        -:  568:};
        -:  569:CV_ENUM_FLAGS(UMatData::MemoryFlag)
        -:  570:
        -:  571:
        -:  572:struct CV_EXPORTS MatSize
        -:  573:{
        -:  574:    explicit MatSize(int* _p);
        -:  575:    int dims() const;
        -:  576:    Size operator()() const;
        -:  577:    const int& operator[](int i) const;
        -:  578:    int& operator[](int i);
        -:  579:    operator const int*() const;  // TODO OpenCV 4.0: drop this
        -:  580:    bool operator == (const MatSize& sz) const;
        -:  581:    bool operator != (const MatSize& sz) const;
        -:  582:
        -:  583:    int* p;
        -:  584:};
        -:  585:
        -:  586:struct CV_EXPORTS MatStep
        -:  587:{
        -:  588:    MatStep();
        -:  589:    explicit MatStep(size_t s);
        -:  590:    const size_t& operator[](int i) const;
        -:  591:    size_t& operator[](int i);
        -:  592:    operator size_t() const;
        -:  593:    MatStep& operator = (size_t s);
        -:  594:
        -:  595:    size_t* p;
        -:  596:    size_t buf[2];
        -:  597:protected:
        -:  598:    MatStep& operator = (const MatStep&);
        -:  599:};
        -:  600:
        -:  601:/** @example samples/cpp/cout_mat.cpp
        -:  602:An example demonstrating the serial out capabilities of cv::Mat
        -:  603:*/
        -:  604:
        -:  605: /** @brief n-dimensional dense array class \anchor CVMat_Details
        -:  606:
        -:  607:The class Mat represents an n-dimensional dense numerical single-channel or multi-channel array. It
        -:  608:can be used to store real or complex-valued vectors and matrices, grayscale or color images, voxel
        -:  609:volumes, vector fields, point clouds, tensors, histograms (though, very high-dimensional histograms
        -:  610:may be better stored in a SparseMat ). The data layout of the array `M` is defined by the array
        -:  611:`M.step[]`, so that the address of element \f$(i_0,...,i_{M.dims-1})\f$, where \f$0\leq i_k<M.size[k]\f$, is
        -:  612:computed as:
        -:  613:\f[addr(M_{i_0,...,i_{M.dims-1}}) = M.data + M.step[0]*i_0 + M.step[1]*i_1 + ... + M.step[M.dims-1]*i_{M.dims-1}\f]
        -:  614:In case of a 2-dimensional array, the above formula is reduced to:
        -:  615:\f[addr(M_{i,j}) = M.data + M.step[0]*i + M.step[1]*j\f]
        -:  616:Note that `M.step[i] >= M.step[i+1]` (in fact, `M.step[i] >= M.step[i+1]*M.size[i+1]` ). This means
        -:  617:that 2-dimensional matrices are stored row-by-row, 3-dimensional matrices are stored plane-by-plane,
        -:  618:and so on. M.step[M.dims-1] is minimal and always equal to the element size M.elemSize() .
        -:  619:
        -:  620:So, the data layout in Mat is compatible with the majority of dense array types from the standard
        -:  621:toolkits and SDKs, such as Numpy (ndarray), Win32 (independent device bitmaps), and others,
        -:  622:that is, with any array that uses *steps* (or *strides*) to compute the position of a pixel.
        -:  623:Due to this compatibility, it is possible to make a Mat header for user-allocated data and process
        -:  624:it in-place using OpenCV functions.
        -:  625:
        -:  626:There are many different ways to create a Mat object. The most popular options are listed below:
        -:  627:
        -:  628:- Use the create(nrows, ncols, type) method or the similar Mat(nrows, ncols, type[, fillValue])
        -:  629:constructor. A new array of the specified size and type is allocated. type has the same meaning as
        -:  630:in the cvCreateMat method. For example, CV_8UC1 means a 8-bit single-channel array, CV_32FC2
        -:  631:means a 2-channel (complex) floating-point array, and so on.
        -:  632:@code
        -:  633:    // make a 7x7 complex matrix filled with 1+3j.
        -:  634:    Mat M(7,7,CV_32FC2,Scalar(1,3));
        -:  635:    // and now turn M to a 100x60 15-channel 8-bit matrix.
        -:  636:    // The old content will be deallocated
        -:  637:    M.create(100,60,CV_8UC(15));
        -:  638:@endcode
        -:  639:As noted in the introduction to this chapter, create() allocates only a new array when the shape
        -:  640:or type of the current array are different from the specified ones.
        -:  641:
        -:  642:- Create a multi-dimensional array:
        -:  643:@code
        -:  644:    // create a 100x100x100 8-bit array
        -:  645:    int sz[] = {100, 100, 100};
        -:  646:    Mat bigCube(3, sz, CV_8U, Scalar::all(0));
        -:  647:@endcode
        -:  648:It passes the number of dimensions =1 to the Mat constructor but the created array will be
        -:  649:2-dimensional with the number of columns set to 1. So, Mat::dims is always \>= 2 (can also be 0
        -:  650:when the array is empty).
        -:  651:
        -:  652:- Use a copy constructor or assignment operator where there can be an array or expression on the
        -:  653:right side (see below). As noted in the introduction, the array assignment is an O(1) operation
        -:  654:because it only copies the header and increases the reference counter. The Mat::clone() method can
        -:  655:be used to get a full (deep) copy of the array when you need it.
        -:  656:
        -:  657:- Construct a header for a part of another array. It can be a single row, single column, several
        -:  658:rows, several columns, rectangular region in the array (called a *minor* in algebra) or a
        -:  659:diagonal. Such operations are also O(1) because the new header references the same data. You can
        -:  660:actually modify a part of the array using this feature, for example:
        -:  661:@code
        -:  662:    // add the 5-th row, multiplied by 3 to the 3rd row
        -:  663:    M.row(3) = M.row(3) + M.row(5)*3;
        -:  664:    // now copy the 7-th column to the 1-st column
        -:  665:    // M.col(1) = M.col(7); // this will not work
        -:  666:    Mat M1 = M.col(1);
        -:  667:    M.col(7).copyTo(M1);
        -:  668:    // create a new 320x240 image
        -:  669:    Mat img(Size(320,240),CV_8UC3);
        -:  670:    // select a ROI
        -:  671:    Mat roi(img, Rect(10,10,100,100));
        -:  672:    // fill the ROI with (0,255,0) (which is green in RGB space);
        -:  673:    // the original 320x240 image will be modified
        -:  674:    roi = Scalar(0,255,0);
        -:  675:@endcode
        -:  676:Due to the additional datastart and dataend members, it is possible to compute a relative
        -:  677:sub-array position in the main *container* array using locateROI():
        -:  678:@code
        -:  679:    Mat A = Mat::eye(10, 10, CV_32S);
        -:  680:    // extracts A columns, 1 (inclusive) to 3 (exclusive).
        -:  681:    Mat B = A(Range::all(), Range(1, 3));
        -:  682:    // extracts B rows, 5 (inclusive) to 9 (exclusive).
        -:  683:    // that is, C \~ A(Range(5, 9), Range(1, 3))
        -:  684:    Mat C = B(Range(5, 9), Range::all());
        -:  685:    Size size; Point ofs;
        -:  686:    C.locateROI(size, ofs);
        -:  687:    // size will be (width=10,height=10) and the ofs will be (x=1, y=5)
        -:  688:@endcode
        -:  689:As in case of whole matrices, if you need a deep copy, use the `clone()` method of the extracted
        -:  690:sub-matrices.
        -:  691:
        -:  692:- Make a header for user-allocated data. It can be useful to do the following:
        -:  693:    -# Process "foreign" data using OpenCV (for example, when you implement a DirectShow\* filter or
        -:  694:    a processing module for gstreamer, and so on). For example:
        -:  695:    @code
        -:  696:        void process_video_frame(const unsigned char* pixels,
        -:  697:                                 int width, int height, int step)
        -:  698:        {
        -:  699:            Mat img(height, width, CV_8UC3, pixels, step);
        -:  700:            GaussianBlur(img, img, Size(7,7), 1.5, 1.5);
        -:  701:        }
        -:  702:    @endcode
        -:  703:    -# Quickly initialize small matrices and/or get a super-fast element access.
        -:  704:    @code
        -:  705:        double m[3][3] = {{a, b, c}, {d, e, f}, {g, h, i}};
        -:  706:        Mat M = Mat(3, 3, CV_64F, m).inv();
        -:  707:    @endcode
        -:  708:    .
        -:  709:
        -:  710:- Use MATLAB-style array initializers, zeros(), ones(), eye(), for example:
        -:  711:@code
        -:  712:    // create a double-precision identity matrix and add it to M.
        -:  713:    M += Mat::eye(M.rows, M.cols, CV_64F);
        -:  714:@endcode
        -:  715:
        -:  716:- Use a comma-separated initializer:
        -:  717:@code
        -:  718:    // create a 3x3 double-precision identity matrix
        -:  719:    Mat M = (Mat_<double>(3,3) << 1, 0, 0, 0, 1, 0, 0, 0, 1);
        -:  720:@endcode
        -:  721:With this approach, you first call a constructor of the Mat class with the proper parameters, and
        -:  722:then you just put `<< operator` followed by comma-separated values that can be constants,
        -:  723:variables, expressions, and so on. Also, note the extra parentheses required to avoid compilation
        -:  724:errors.
        -:  725:
        -:  726:Once the array is created, it is automatically managed via a reference-counting mechanism. If the
        -:  727:array header is built on top of user-allocated data, you should handle the data by yourself. The
        -:  728:array data is deallocated when no one points to it. If you want to release the data pointed by a
        -:  729:array header before the array destructor is called, use Mat::release().
        -:  730:
        -:  731:The next important thing to learn about the array class is element access. This manual already
        -:  732:described how to compute an address of each array element. Normally, you are not required to use the
        -:  733:formula directly in the code. If you know the array element type (which can be retrieved using the
        -:  734:method Mat::type() ), you can access the element \f$M_{ij}\f$ of a 2-dimensional array as:
        -:  735:@code
        -:  736:    M.at<double>(i,j) += 1.f;
        -:  737:@endcode
        -:  738:assuming that `M` is a double-precision floating-point array. There are several variants of the method
        -:  739:at for a different number of dimensions.
        -:  740:
        -:  741:If you need to process a whole row of a 2D array, the most efficient way is to get the pointer to
        -:  742:the row first, and then just use the plain C operator [] :
        -:  743:@code
        -:  744:    // compute sum of positive matrix elements
        -:  745:    // (assuming that M is a double-precision matrix)
        -:  746:    double sum=0;
        -:  747:    for(int i = 0; i < M.rows; i++)
        -:  748:    {
        -:  749:        const double* Mi = M.ptr<double>(i);
        -:  750:        for(int j = 0; j < M.cols; j++)
        -:  751:            sum += std::max(Mi[j], 0.);
        -:  752:    }
        -:  753:@endcode
        -:  754:Some operations, like the one above, do not actually depend on the array shape. They just process
        -:  755:elements of an array one by one (or elements from multiple arrays that have the same coordinates,
        -:  756:for example, array addition). Such operations are called *element-wise*. It makes sense to check
        -:  757:whether all the input/output arrays are continuous, namely, have no gaps at the end of each row. If
        -:  758:yes, process them as a long single row:
        -:  759:@code
        -:  760:    // compute the sum of positive matrix elements, optimized variant
        -:  761:    double sum=0;
        -:  762:    int cols = M.cols, rows = M.rows;
        -:  763:    if(M.isContinuous())
        -:  764:    {
        -:  765:        cols *= rows;
        -:  766:        rows = 1;
        -:  767:    }
        -:  768:    for(int i = 0; i < rows; i++)
        -:  769:    {
        -:  770:        const double* Mi = M.ptr<double>(i);
        -:  771:        for(int j = 0; j < cols; j++)
        -:  772:            sum += std::max(Mi[j], 0.);
        -:  773:    }
        -:  774:@endcode
        -:  775:In case of the continuous matrix, the outer loop body is executed just once. So, the overhead is
        -:  776:smaller, which is especially noticeable in case of small matrices.
        -:  777:
        -:  778:Finally, there are STL-style iterators that are smart enough to skip gaps between successive rows:
        -:  779:@code
        -:  780:    // compute sum of positive matrix elements, iterator-based variant
        -:  781:    double sum=0;
        -:  782:    MatConstIterator_<double> it = M.begin<double>(), it_end = M.end<double>();
        -:  783:    for(; it != it_end; ++it)
        -:  784:        sum += std::max(*it, 0.);
        -:  785:@endcode
        -:  786:The matrix iterators are random-access iterators, so they can be passed to any STL algorithm,
        -:  787:including std::sort().
        -:  788:
        -:  789:@note Matrix Expressions and arithmetic see MatExpr
        -:  790:*/
        -:  791:class CV_EXPORTS Mat
        -:  792:{
        -:  793:public:
        -:  794:    /**
        -:  795:    These are various constructors that form a matrix. As noted in the AutomaticAllocation, often
        -:  796:    the default constructor is enough, and the proper matrix will be allocated by an OpenCV function.
        -:  797:    The constructed matrix can further be assigned to another matrix or matrix expression or can be
        -:  798:    allocated with Mat::create . In the former case, the old content is de-referenced.
        -:  799:     */
        -:  800:    Mat();
        -:  801:
        -:  802:    /** @overload
        -:  803:    @param rows Number of rows in a 2D array.
        -:  804:    @param cols Number of columns in a 2D array.
        -:  805:    @param type Array type. Use CV_8UC1, ..., CV_64FC4 to create 1-4 channel matrices, or
        -:  806:    CV_8UC(n), ..., CV_64FC(n) to create multi-channel (up to CV_CN_MAX channels) matrices.
        -:  807:    */
        -:  808:    Mat(int rows, int cols, int type);
        -:  809:
        -:  810:    /** @overload
        -:  811:    @param size 2D array size: Size(cols, rows) . In the Size() constructor, the number of rows and the
        -:  812:    number of columns go in the reverse order.
        -:  813:    @param type Array type. Use CV_8UC1, ..., CV_64FC4 to create 1-4 channel matrices, or
        -:  814:    CV_8UC(n), ..., CV_64FC(n) to create multi-channel (up to CV_CN_MAX channels) matrices.
        -:  815:      */
        -:  816:    Mat(Size size, int type);
        -:  817:
        -:  818:    /** @overload
        -:  819:    @param rows Number of rows in a 2D array.
        -:  820:    @param cols Number of columns in a 2D array.
        -:  821:    @param type Array type. Use CV_8UC1, ..., CV_64FC4 to create 1-4 channel matrices, or
        -:  822:    CV_8UC(n), ..., CV_64FC(n) to create multi-channel (up to CV_CN_MAX channels) matrices.
        -:  823:    @param s An optional value to initialize each matrix element with. To set all the matrix elements to
        -:  824:    the particular value after the construction, use the assignment operator
        -:  825:    Mat::operator=(const Scalar& value) .
        -:  826:    */
        -:  827:    Mat(int rows, int cols, int type, const Scalar& s);
        -:  828:
        -:  829:    /** @overload
        -:  830:    @param size 2D array size: Size(cols, rows) . In the Size() constructor, the number of rows and the
        -:  831:    number of columns go in the reverse order.
        -:  832:    @param type Array type. Use CV_8UC1, ..., CV_64FC4 to create 1-4 channel matrices, or
        -:  833:    CV_8UC(n), ..., CV_64FC(n) to create multi-channel (up to CV_CN_MAX channels) matrices.
        -:  834:    @param s An optional value to initialize each matrix element with. To set all the matrix elements to
        -:  835:    the particular value after the construction, use the assignment operator
        -:  836:    Mat::operator=(const Scalar& value) .
        -:  837:      */
        -:  838:    Mat(Size size, int type, const Scalar& s);
        -:  839:
        -:  840:    /** @overload
        -:  841:    @param ndims Array dimensionality.
        -:  842:    @param sizes Array of integers specifying an n-dimensional array shape.
        -:  843:    @param type Array type. Use CV_8UC1, ..., CV_64FC4 to create 1-4 channel matrices, or
        -:  844:    CV_8UC(n), ..., CV_64FC(n) to create multi-channel (up to CV_CN_MAX channels) matrices.
        -:  845:    */
        -:  846:    Mat(int ndims, const int* sizes, int type);
        -:  847:
        -:  848:    /** @overload
        -:  849:    @param sizes Array of integers specifying an n-dimensional array shape.
        -:  850:    @param type Array type. Use CV_8UC1, ..., CV_64FC4 to create 1-4 channel matrices, or
        -:  851:    CV_8UC(n), ..., CV_64FC(n) to create multi-channel (up to CV_CN_MAX channels) matrices.
        -:  852:    */
        -:  853:    Mat(const std::vector<int>& sizes, int type);
        -:  854:
        -:  855:    /** @overload
        -:  856:    @param ndims Array dimensionality.
        -:  857:    @param sizes Array of integers specifying an n-dimensional array shape.
        -:  858:    @param type Array type. Use CV_8UC1, ..., CV_64FC4 to create 1-4 channel matrices, or
        -:  859:    CV_8UC(n), ..., CV_64FC(n) to create multi-channel (up to CV_CN_MAX channels) matrices.
        -:  860:    @param s An optional value to initialize each matrix element with. To set all the matrix elements to
        -:  861:    the particular value after the construction, use the assignment operator
        -:  862:    Mat::operator=(const Scalar& value) .
        -:  863:    */
        -:  864:    Mat(int ndims, const int* sizes, int type, const Scalar& s);
        -:  865:
        -:  866:    /** @overload
        -:  867:    @param sizes Array of integers specifying an n-dimensional array shape.
        -:  868:    @param type Array type. Use CV_8UC1, ..., CV_64FC4 to create 1-4 channel matrices, or
        -:  869:    CV_8UC(n), ..., CV_64FC(n) to create multi-channel (up to CV_CN_MAX channels) matrices.
        -:  870:    @param s An optional value to initialize each matrix element with. To set all the matrix elements to
        -:  871:    the particular value after the construction, use the assignment operator
        -:  872:    Mat::operator=(const Scalar& value) .
        -:  873:    */
        -:  874:    Mat(const std::vector<int>& sizes, int type, const Scalar& s);
        -:  875:
        -:  876:
        -:  877:    /** @overload
        -:  878:    @param m Array that (as a whole or partly) is assigned to the constructed matrix. No data is copied
        -:  879:    by these constructors. Instead, the header pointing to m data or its sub-array is constructed and
        -:  880:    associated with it. The reference counter, if any, is incremented. So, when you modify the matrix
        -:  881:    formed using such a constructor, you also modify the corresponding elements of m . If you want to
        -:  882:    have an independent copy of the sub-array, use Mat::clone() .
        -:  883:    */
        -:  884:    Mat(const Mat& m);
        -:  885:
        -:  886:    /** @overload
        -:  887:    @param rows Number of rows in a 2D array.
        -:  888:    @param cols Number of columns in a 2D array.
        -:  889:    @param type Array type. Use CV_8UC1, ..., CV_64FC4 to create 1-4 channel matrices, or
        -:  890:    CV_8UC(n), ..., CV_64FC(n) to create multi-channel (up to CV_CN_MAX channels) matrices.
        -:  891:    @param data Pointer to the user data. Matrix constructors that take data and step parameters do not
        -:  892:    allocate matrix data. Instead, they just initialize the matrix header that points to the specified
        -:  893:    data, which means that no data is copied. This operation is very efficient and can be used to
        -:  894:    process external data using OpenCV functions. The external data is not automatically deallocated, so
        -:  895:    you should take care of it.
        -:  896:    @param step Number of bytes each matrix row occupies. The value should include the padding bytes at
        -:  897:    the end of each row, if any. If the parameter is missing (set to AUTO_STEP ), no padding is assumed
        -:  898:    and the actual step is calculated as cols*elemSize(). See Mat::elemSize.
        -:  899:    */
        -:  900:    Mat(int rows, int cols, int type, void* data, size_t step=AUTO_STEP);
        -:  901:
        -:  902:    /** @overload
        -:  903:    @param size 2D array size: Size(cols, rows) . In the Size() constructor, the number of rows and the
        -:  904:    number of columns go in the reverse order.
        -:  905:    @param type Array type. Use CV_8UC1, ..., CV_64FC4 to create 1-4 channel matrices, or
        -:  906:    CV_8UC(n), ..., CV_64FC(n) to create multi-channel (up to CV_CN_MAX channels) matrices.
        -:  907:    @param data Pointer to the user data. Matrix constructors that take data and step parameters do not
        -:  908:    allocate matrix data. Instead, they just initialize the matrix header that points to the specified
        -:  909:    data, which means that no data is copied. This operation is very efficient and can be used to
        -:  910:    process external data using OpenCV functions. The external data is not automatically deallocated, so
        -:  911:    you should take care of it.
        -:  912:    @param step Number of bytes each matrix row occupies. The value should include the padding bytes at
        -:  913:    the end of each row, if any. If the parameter is missing (set to AUTO_STEP ), no padding is assumed
        -:  914:    and the actual step is calculated as cols*elemSize(). See Mat::elemSize.
        -:  915:    */
        -:  916:    Mat(Size size, int type, void* data, size_t step=AUTO_STEP);
        -:  917:
        -:  918:    /** @overload
        -:  919:    @param ndims Array dimensionality.
        -:  920:    @param sizes Array of integers specifying an n-dimensional array shape.
        -:  921:    @param type Array type. Use CV_8UC1, ..., CV_64FC4 to create 1-4 channel matrices, or
        -:  922:    CV_8UC(n), ..., CV_64FC(n) to create multi-channel (up to CV_CN_MAX channels) matrices.
        -:  923:    @param data Pointer to the user data. Matrix constructors that take data and step parameters do not
        -:  924:    allocate matrix data. Instead, they just initialize the matrix header that points to the specified
        -:  925:    data, which means that no data is copied. This operation is very efficient and can be used to
        -:  926:    process external data using OpenCV functions. The external data is not automatically deallocated, so
        -:  927:    you should take care of it.
        -:  928:    @param steps Array of ndims-1 steps in case of a multi-dimensional array (the last step is always
        -:  929:    set to the element size). If not specified, the matrix is assumed to be continuous.
        -:  930:    */
        -:  931:    Mat(int ndims, const int* sizes, int type, void* data, const size_t* steps=0);
        -:  932:
        -:  933:    /** @overload
        -:  934:    @param sizes Array of integers specifying an n-dimensional array shape.
        -:  935:    @param type Array type. Use CV_8UC1, ..., CV_64FC4 to create 1-4 channel matrices, or
        -:  936:    CV_8UC(n), ..., CV_64FC(n) to create multi-channel (up to CV_CN_MAX channels) matrices.
        -:  937:    @param data Pointer to the user data. Matrix constructors that take data and step parameters do not
        -:  938:    allocate matrix data. Instead, they just initialize the matrix header that points to the specified
        -:  939:    data, which means that no data is copied. This operation is very efficient and can be used to
        -:  940:    process external data using OpenCV functions. The external data is not automatically deallocated, so
        -:  941:    you should take care of it.
        -:  942:    @param steps Array of ndims-1 steps in case of a multi-dimensional array (the last step is always
        -:  943:    set to the element size). If not specified, the matrix is assumed to be continuous.
        -:  944:    */
        -:  945:    Mat(const std::vector<int>& sizes, int type, void* data, const size_t* steps=0);
        -:  946:
        -:  947:    /** @overload
        -:  948:    @param m Array that (as a whole or partly) is assigned to the constructed matrix. No data is copied
        -:  949:    by these constructors. Instead, the header pointing to m data or its sub-array is constructed and
        -:  950:    associated with it. The reference counter, if any, is incremented. So, when you modify the matrix
        -:  951:    formed using such a constructor, you also modify the corresponding elements of m . If you want to
        -:  952:    have an independent copy of the sub-array, use Mat::clone() .
        -:  953:    @param rowRange Range of the m rows to take. As usual, the range start is inclusive and the range
        -:  954:    end is exclusive. Use Range::all() to take all the rows.
        -:  955:    @param colRange Range of the m columns to take. Use Range::all() to take all the columns.
        -:  956:    */
        -:  957:    Mat(const Mat& m, const Range& rowRange, const Range& colRange=Range::all());
        -:  958:
        -:  959:    /** @overload
        -:  960:    @param m Array that (as a whole or partly) is assigned to the constructed matrix. No data is copied
        -:  961:    by these constructors. Instead, the header pointing to m data or its sub-array is constructed and
        -:  962:    associated with it. The reference counter, if any, is incremented. So, when you modify the matrix
        -:  963:    formed using such a constructor, you also modify the corresponding elements of m . If you want to
        -:  964:    have an independent copy of the sub-array, use Mat::clone() .
        -:  965:    @param roi Region of interest.
        -:  966:    */
        -:  967:    Mat(const Mat& m, const Rect& roi);
        -:  968:
        -:  969:    /** @overload
        -:  970:    @param m Array that (as a whole or partly) is assigned to the constructed matrix. No data is copied
        -:  971:    by these constructors. Instead, the header pointing to m data or its sub-array is constructed and
        -:  972:    associated with it. The reference counter, if any, is incremented. So, when you modify the matrix
        -:  973:    formed using such a constructor, you also modify the corresponding elements of m . If you want to
        -:  974:    have an independent copy of the sub-array, use Mat::clone() .
        -:  975:    @param ranges Array of selected ranges of m along each dimensionality.
        -:  976:    */
        -:  977:    Mat(const Mat& m, const Range* ranges);
        -:  978:
        -:  979:    /** @overload
        -:  980:    @param m Array that (as a whole or partly) is assigned to the constructed matrix. No data is copied
        -:  981:    by these constructors. Instead, the header pointing to m data or its sub-array is constructed and
        -:  982:    associated with it. The reference counter, if any, is incremented. So, when you modify the matrix
        -:  983:    formed using such a constructor, you also modify the corresponding elements of m . If you want to
        -:  984:    have an independent copy of the sub-array, use Mat::clone() .
        -:  985:    @param ranges Array of selected ranges of m along each dimensionality.
        -:  986:    */
        -:  987:    Mat(const Mat& m, const std::vector<Range>& ranges);
        -:  988:
        -:  989:    /** @overload
        -:  990:    @param vec STL vector whose elements form the matrix. The matrix has a single column and the number
        -:  991:    of rows equal to the number of vector elements. Type of the matrix matches the type of vector
        -:  992:    elements. The constructor can handle arbitrary types, for which there is a properly declared
        -:  993:    DataType . This means that the vector elements must be primitive numbers or uni-type numerical
        -:  994:    tuples of numbers. Mixed-type structures are not supported. The corresponding constructor is
        -:  995:    explicit. Since STL vectors are not automatically converted to Mat instances, you should write
        -:  996:    Mat(vec) explicitly. Unless you copy the data into the matrix ( copyData=true ), no new elements
        -:  997:    will be added to the vector because it can potentially yield vector data reallocation, and, thus,
        -:  998:    the matrix data pointer will be invalid.
        -:  999:    @param copyData Flag to specify whether the underlying data of the STL vector should be copied
        -: 1000:    to (true) or shared with (false) the newly constructed matrix. When the data is copied, the
        -: 1001:    allocated buffer is managed using Mat reference counting mechanism. While the data is shared,
        -: 1002:    the reference counter is NULL, and you should not deallocate the data until the matrix is not
        -: 1003:    destructed.
        -: 1004:    */
        -: 1005:    template<typename _Tp> explicit Mat(const std::vector<_Tp>& vec, bool copyData=false);
        -: 1006:
        -: 1007:    /** @overload
        -: 1008:    */
        -: 1009:    template<typename _Tp, typename = typename std::enable_if<std::is_arithmetic<_Tp>::value>::type>
        -: 1010:    explicit Mat(const std::initializer_list<_Tp> list);
        -: 1011:
        -: 1012:    /** @overload
        -: 1013:    */
        -: 1014:    template<typename _Tp> explicit Mat(const std::initializer_list<int> sizes, const std::initializer_list<_Tp> list);
        -: 1015:
        -: 1016:    /** @overload
        -: 1017:    */
        -: 1018:    template<typename _Tp, size_t _Nm> explicit Mat(const std::array<_Tp, _Nm>& arr, bool copyData=false);
        -: 1019:
        -: 1020:    /** @overload
        -: 1021:    */
        -: 1022:    template<typename _Tp, int n> explicit Mat(const Vec<_Tp, n>& vec, bool copyData=true);
        -: 1023:
        -: 1024:    /** @overload
        -: 1025:    */
        -: 1026:    template<typename _Tp, int m, int n> explicit Mat(const Matx<_Tp, m, n>& mtx, bool copyData=true);
        -: 1027:
        -: 1028:    /** @overload
        -: 1029:    */
        -: 1030:    template<typename _Tp> explicit Mat(const Point_<_Tp>& pt, bool copyData=true);
        -: 1031:
        -: 1032:    /** @overload
        -: 1033:    */
        -: 1034:    template<typename _Tp> explicit Mat(const Point3_<_Tp>& pt, bool copyData=true);
        -: 1035:
        -: 1036:    /** @overload
        -: 1037:    */
        -: 1038:    template<typename _Tp> explicit Mat(const MatCommaInitializer_<_Tp>& commaInitializer);
        -: 1039:
        -: 1040:    //! download data from GpuMat
        -: 1041:    explicit Mat(const cuda::GpuMat& m);
        -: 1042:
        -: 1043:    //! destructor - calls release()
        -: 1044:    ~Mat();
        -: 1045:
        -: 1046:    /** @brief assignment operators
        -: 1047:
        -: 1048:    These are available assignment operators. Since they all are very different, make sure to read the
        -: 1049:    operator parameters description.
        -: 1050:    @param m Assigned, right-hand-side matrix. Matrix assignment is an O(1) operation. This means that
        -: 1051:    no data is copied but the data is shared and the reference counter, if any, is incremented. Before
        -: 1052:    assigning new data, the old data is de-referenced via Mat::release .
        -: 1053:     */
        -: 1054:    Mat& operator = (const Mat& m);
        -: 1055:
        -: 1056:    /** @overload
        -: 1057:    @param expr Assigned matrix expression object. As opposite to the first form of the assignment
        -: 1058:    operation, the second form can reuse already allocated matrix if it has the right size and type to
        -: 1059:    fit the matrix expression result. It is automatically handled by the real function that the matrix
        -: 1060:    expressions is expanded to. For example, C=A+B is expanded to add(A, B, C), and add takes care of
        -: 1061:    automatic C reallocation.
        -: 1062:    */
        -: 1063:    Mat& operator = (const MatExpr& expr);
        -: 1064:
        -: 1065:    //! retrieve UMat from Mat
        -: 1066:    UMat getUMat(AccessFlag accessFlags, UMatUsageFlags usageFlags = USAGE_DEFAULT) const;
        -: 1067:
        -: 1068:    /** @brief Creates a matrix header for the specified matrix row.
        -: 1069:
        -: 1070:    The method makes a new header for the specified matrix row and returns it. This is an O(1)
        -: 1071:    operation, regardless of the matrix size. The underlying data of the new matrix is shared with the
        -: 1072:    original matrix. Here is the example of one of the classical basic matrix processing operations,
        -: 1073:    axpy, used by LU and many other algorithms:
        -: 1074:    @code
        -: 1075:        inline void matrix_axpy(Mat& A, int i, int j, double alpha)
        -: 1076:        {
        -: 1077:            A.row(i) += A.row(j)*alpha;
        -: 1078:        }
        -: 1079:    @endcode
        -: 1080:    @note In the current implementation, the following code does not work as expected:
        -: 1081:    @code
        -: 1082:        Mat A;
        -: 1083:        ...
        -: 1084:        A.row(i) = A.row(j); // will not work
        -: 1085:    @endcode
        -: 1086:    This happens because A.row(i) forms a temporary header that is further assigned to another header.
        -: 1087:    Remember that each of these operations is O(1), that is, no data is copied. Thus, the above
        -: 1088:    assignment is not true if you may have expected the j-th row to be copied to the i-th row. To
        -: 1089:    achieve that, you should either turn this simple assignment into an expression or use the
        -: 1090:    Mat::copyTo method:
        -: 1091:    @code
        -: 1092:        Mat A;
        -: 1093:        ...
        -: 1094:        // works, but looks a bit obscure.
        -: 1095:        A.row(i) = A.row(j) + 0;
        -: 1096:        // this is a bit longer, but the recommended method.
        -: 1097:        A.row(j).copyTo(A.row(i));
        -: 1098:    @endcode
        -: 1099:    @param y A 0-based row index.
        -: 1100:     */
        -: 1101:    Mat row(int y) const;
        -: 1102:
        -: 1103:    /** @brief Creates a matrix header for the specified matrix column.
        -: 1104:
        -: 1105:    The method makes a new header for the specified matrix column and returns it. This is an O(1)
        -: 1106:    operation, regardless of the matrix size. The underlying data of the new matrix is shared with the
        -: 1107:    original matrix. See also the Mat::row description.
        -: 1108:    @param x A 0-based column index.
        -: 1109:     */
        -: 1110:    Mat col(int x) const;
        -: 1111:
        -: 1112:    /** @brief Creates a matrix header for the specified row span.
        -: 1113:
        -: 1114:    The method makes a new header for the specified row span of the matrix. Similarly to Mat::row and
        -: 1115:    Mat::col , this is an O(1) operation.
        -: 1116:    @param startrow An inclusive 0-based start index of the row span.
        -: 1117:    @param endrow An exclusive 0-based ending index of the row span.
        -: 1118:     */
        -: 1119:    Mat rowRange(int startrow, int endrow) const;
        -: 1120:
        -: 1121:    /** @overload
        -: 1122:    @param r Range structure containing both the start and the end indices.
        -: 1123:    */
        -: 1124:    Mat rowRange(const Range& r) const;
        -: 1125:
        -: 1126:    /** @brief Creates a matrix header for the specified column span.
        -: 1127:
        -: 1128:    The method makes a new header for the specified column span of the matrix. Similarly to Mat::row and
        -: 1129:    Mat::col , this is an O(1) operation.
        -: 1130:    @param startcol An inclusive 0-based start index of the column span.
        -: 1131:    @param endcol An exclusive 0-based ending index of the column span.
        -: 1132:     */
        -: 1133:    Mat colRange(int startcol, int endcol) const;
        -: 1134:
        -: 1135:    /** @overload
        -: 1136:    @param r Range structure containing both the start and the end indices.
        -: 1137:    */
        -: 1138:    Mat colRange(const Range& r) const;
        -: 1139:
        -: 1140:    /** @brief Extracts a diagonal from a matrix
        -: 1141:
        -: 1142:    The method makes a new header for the specified matrix diagonal. The new matrix is represented as a
        -: 1143:    single-column matrix. Similarly to Mat::row and Mat::col, this is an O(1) operation.
        -: 1144:    @param d index of the diagonal, with the following values:
        -: 1145:    - `d=0` is the main diagonal.
        -: 1146:    - `d<0` is a diagonal from the lower half. For example, d=-1 means the diagonal is set
        -: 1147:      immediately below the main one.
        -: 1148:    - `d>0` is a diagonal from the upper half. For example, d=1 means the diagonal is set
        -: 1149:      immediately above the main one.
        -: 1150:    For example:
        -: 1151:    @code
        -: 1152:        Mat m = (Mat_<int>(3,3) <<
        -: 1153:                    1,2,3,
        -: 1154:                    4,5,6,
        -: 1155:                    7,8,9);
        -: 1156:        Mat d0 = m.diag(0);
        -: 1157:        Mat d1 = m.diag(1);
        -: 1158:        Mat d_1 = m.diag(-1);
        -: 1159:    @endcode
        -: 1160:    The resulting matrices are
        -: 1161:    @code
        -: 1162:     d0 =
        -: 1163:       [1;
        -: 1164:        5;
        -: 1165:        9]
        -: 1166:     d1 =
        -: 1167:       [2;
        -: 1168:        6]
        -: 1169:     d_1 =
        -: 1170:       [4;
        -: 1171:        8]
        -: 1172:    @endcode
        -: 1173:     */
        -: 1174:    Mat diag(int d=0) const;
        -: 1175:
        -: 1176:    /** @brief creates a diagonal matrix
        -: 1177:
        -: 1178:    The method creates a square diagonal matrix from specified main diagonal.
        -: 1179:    @param d One-dimensional matrix that represents the main diagonal.
        -: 1180:     */
        -: 1181:    static Mat diag(const Mat& d);
        -: 1182:
        -: 1183:    /** @brief Creates a full copy of the array and the underlying data.
        -: 1184:
        -: 1185:    The method creates a full copy of the array. The original step[] is not taken into account. So, the
        -: 1186:    array copy is a continuous array occupying total()*elemSize() bytes.
        -: 1187:     */
        -: 1188:    Mat clone() const CV_NODISCARD;
        -: 1189:
        -: 1190:    /** @brief Copies the matrix to another one.
        -: 1191:
        -: 1192:    The method copies the matrix data to another matrix. Before copying the data, the method invokes :
        -: 1193:    @code
        -: 1194:        m.create(this->size(), this->type());
        -: 1195:    @endcode
        -: 1196:    so that the destination matrix is reallocated if needed. While m.copyTo(m); works flawlessly, the
        -: 1197:    function does not handle the case of a partial overlap between the source and the destination
        -: 1198:    matrices.
        -: 1199:
        -: 1200:    When the operation mask is specified, if the Mat::create call shown above reallocates the matrix,
        -: 1201:    the newly allocated matrix is initialized with all zeros before copying the data.
        -: 1202:    @param m Destination matrix. If it does not have a proper size or type before the operation, it is
        -: 1203:    reallocated.
        -: 1204:     */
        -: 1205:    void copyTo( OutputArray m ) const;
        -: 1206:
        -: 1207:    /** @overload
        -: 1208:    @param m Destination matrix. If it does not have a proper size or type before the operation, it is
        -: 1209:    reallocated.
        -: 1210:    @param mask Operation mask of the same size as \*this. Its non-zero elements indicate which matrix
        -: 1211:    elements need to be copied. The mask has to be of type CV_8U and can have 1 or multiple channels.
        -: 1212:    */
        -: 1213:    void copyTo( OutputArray m, InputArray mask ) const;
        -: 1214:
        -: 1215:    /** @brief Converts an array to another data type with optional scaling.
        -: 1216:
        -: 1217:    The method converts source pixel values to the target data type. saturate_cast\<\> is applied at
        -: 1218:    the end to avoid possible overflows:
        -: 1219:
        -: 1220:    \f[m(x,y) = saturate \_ cast<rType>( \alpha (*this)(x,y) +  \beta )\f]
        -: 1221:    @param m output matrix; if it does not have a proper size or type before the operation, it is
        -: 1222:    reallocated.
        -: 1223:    @param rtype desired output matrix type or, rather, the depth since the number of channels are the
        -: 1224:    same as the input has; if rtype is negative, the output matrix will have the same type as the input.
        -: 1225:    @param alpha optional scale factor.
        -: 1226:    @param beta optional delta added to the scaled values.
        -: 1227:     */
        -: 1228:    void convertTo( OutputArray m, int rtype, double alpha=1, double beta=0 ) const;
        -: 1229:
        -: 1230:    /** @brief Provides a functional form of convertTo.
        -: 1231:
        -: 1232:    This is an internally used method called by the @ref MatrixExpressions engine.
        -: 1233:    @param m Destination array.
        -: 1234:    @param type Desired destination array depth (or -1 if it should be the same as the source type).
        -: 1235:     */
        -: 1236:    void assignTo( Mat& m, int type=-1 ) const;
        -: 1237:
        -: 1238:    /** @brief Sets all or some of the array elements to the specified value.
        -: 1239:    @param s Assigned scalar converted to the actual array type.
        -: 1240:    */
        -: 1241:    Mat& operator = (const Scalar& s);
        -: 1242:
        -: 1243:    /** @brief Sets all or some of the array elements to the specified value.
        -: 1244:
        -: 1245:    This is an advanced variant of the Mat::operator=(const Scalar& s) operator.
        -: 1246:    @param value Assigned scalar converted to the actual array type.
        -: 1247:    @param mask Operation mask of the same size as \*this. Its non-zero elements indicate which matrix
        -: 1248:    elements need to be copied. The mask has to be of type CV_8U and can have 1 or multiple channels
        -: 1249:     */
        -: 1250:    Mat& setTo(InputArray value, InputArray mask=noArray());
        -: 1251:
        -: 1252:    /** @brief Changes the shape and/or the number of channels of a 2D matrix without copying the data.
        -: 1253:
        -: 1254:    The method makes a new matrix header for \*this elements. The new matrix may have a different size
        -: 1255:    and/or different number of channels. Any combination is possible if:
        -: 1256:    -   No extra elements are included into the new matrix and no elements are excluded. Consequently,
        -: 1257:        the product rows\*cols\*channels() must stay the same after the transformation.
        -: 1258:    -   No data is copied. That is, this is an O(1) operation. Consequently, if you change the number of
        -: 1259:        rows, or the operation changes the indices of elements row in some other way, the matrix must be
        -: 1260:        continuous. See Mat::isContinuous .
        -: 1261:
        -: 1262:    For example, if there is a set of 3D points stored as an STL vector, and you want to represent the
        -: 1263:    points as a 3xN matrix, do the following:
        -: 1264:    @code
        -: 1265:        std::vector<Point3f> vec;
        -: 1266:        ...
        -: 1267:        Mat pointMat = Mat(vec). // convert vector to Mat, O(1) operation
        -: 1268:                          reshape(1). // make Nx3 1-channel matrix out of Nx1 3-channel.
        -: 1269:                                      // Also, an O(1) operation
        -: 1270:                             t(); // finally, transpose the Nx3 matrix.
        -: 1271:                                  // This involves copying all the elements
        -: 1272:    @endcode
        -: 1273:    @param cn New number of channels. If the parameter is 0, the number of channels remains the same.
        -: 1274:    @param rows New number of rows. If the parameter is 0, the number of rows remains the same.
        -: 1275:     */
        -: 1276:    Mat reshape(int cn, int rows=0) const;
        -: 1277:
[...]
        -: 3415:    int narrays;
        -: 3416:    //! the number of hyper-planes that the iterator steps through
        -: 3417:    size_t nplanes;
        -: 3418:    //! the size of each segment (in elements)
        -: 3419:    size_t size;
        -: 3420:protected:
        -: 3421:    int iterdepth;
        -: 3422:    size_t idx;
        -: 3423:};
        -: 3424:
        -: 3425:
        -: 3426:
        -: 3427:///////////////////////////////// Matrix Expressions /////////////////////////////////
        -: 3428:
        -: 3429:class CV_EXPORTS MatOp
        -: 3430:{
        -: 3431:public:
        -: 3432:    MatOp();
        -: 3433:    virtual ~MatOp();
        -: 3434:
        -: 3435:    virtual bool elementWise(const MatExpr& expr) const;
        -: 3436:    virtual void assign(const MatExpr& expr, Mat& m, int type=-1) const = 0;
        -: 3437:    virtual void roi(const MatExpr& expr, const Range& rowRange,
        -: 3438:                     const Range& colRange, MatExpr& res) const;
        -: 3439:    virtual void diag(const MatExpr& expr, int d, MatExpr& res) const;
        -: 3440:    virtual void augAssignAdd(const MatExpr& expr, Mat& m) const;
        -: 3441:    virtual void augAssignSubtract(const MatExpr& expr, Mat& m) const;
        -: 3442:    virtual void augAssignMultiply(const MatExpr& expr, Mat& m) const;
        -: 3443:    virtual void augAssignDivide(const MatExpr& expr, Mat& m) const;
        -: 3444:    virtual void augAssignAnd(const MatExpr& expr, Mat& m) const;
        -: 3445:    virtual void augAssignOr(const MatExpr& expr, Mat& m) const;
        -: 3446:    virtual void augAssignXor(const MatExpr& expr, Mat& m) const;
        -: 3447:
        -: 3448:    virtual void add(const MatExpr& expr1, const MatExpr& expr2, MatExpr& res) const;
        -: 3449:    virtual void add(const MatExpr& expr1, const Scalar& s, MatExpr& res) const;
        -: 3450:
        -: 3451:    virtual void subtract(const MatExpr& expr1, const MatExpr& expr2, MatExpr& res) const;
        -: 3452:    virtual void subtract(const Scalar& s, const MatExpr& expr, MatExpr& res) const;
        -: 3453:
        -: 3454:    virtual void multiply(const MatExpr& expr1, const MatExpr& expr2, MatExpr& res, double scale=1) const;
        -: 3455:    virtual void multiply(const MatExpr& expr1, double s, MatExpr& res) const;
        -: 3456:
        -: 3457:    virtual void divide(const MatExpr& expr1, const MatExpr& expr2, MatExpr& res, double scale=1) const;
        -: 3458:    virtual void divide(double s, const MatExpr& expr, MatExpr& res) const;
        -: 3459:
        -: 3460:    virtual void abs(const MatExpr& expr, MatExpr& res) const;
        -: 3461:
        -: 3462:    virtual void transpose(const MatExpr& expr, MatExpr& res) const;
        -: 3463:    virtual void matmul(const MatExpr& expr1, const MatExpr& expr2, MatExpr& res) const;
        -: 3464:    virtual void invert(const MatExpr& expr, int method, MatExpr& res) const;
        -: 3465:
        -: 3466:    virtual Size size(const MatExpr& expr) const;
        -: 3467:    virtual int type(const MatExpr& expr) const;
        -: 3468:};
        -: 3469:
        -: 3470:/** @brief Matrix expression representation
        -: 3471:@anchor MatrixExpressions
        -: 3472:This is a list of implemented matrix operations that can be combined in arbitrary complex
        -: 3473:expressions (here A, B stand for matrices ( Mat ), s for a scalar ( Scalar ), alpha for a
        -: 3474:real-valued scalar ( double )):
        -: 3475:-   Addition, subtraction, negation: `A+B`, `A-B`, `A+s`, `A-s`, `s+A`, `s-A`, `-A`
        -: 3476:-   Scaling: `A*alpha`
        -: 3477:-   Per-element multiplication and division: `A.mul(B)`, `A/B`, `alpha/A`
        -: 3478:-   Matrix multiplication: `A*B`
        -: 3479:-   Transposition: `A.t()` (means A<sup>T</sup>)
        -: 3480:-   Matrix inversion and pseudo-inversion, solving linear systems and least-squares problems:
        -: 3481:    `A.inv([method]) (~ A<sup>-1</sup>)`,   `A.inv([method])*B (~ X: AX=B)`
        -: 3482:-   Comparison: `A cmpop B`, `A cmpop alpha`, `alpha cmpop A`, where *cmpop* is one of
        -: 3483:  `>`, `>=`, `==`, `!=`, `<=`, `<`. The result of comparison is an 8-bit single channel mask whose
        -: 3484:    elements are set to 255 (if the particular element or pair of elements satisfy the condition) or
        -: 3485:    0.
        -: 3486:-   Bitwise logical operations: `A logicop B`, `A logicop s`, `s logicop A`, `~A`, where *logicop* is one of
        -: 3487:  `&`, `|`, `^`.
        -: 3488:-   Element-wise minimum and maximum: `min(A, B)`, `min(A, alpha)`, `max(A, B)`, `max(A, alpha)`
        -: 3489:-   Element-wise absolute value: `abs(A)`
        -: 3490:-   Cross-product, dot-product: `A.cross(B)`, `A.dot(B)`
        -: 3491:-   Any function of matrix or matrices and scalars that returns a matrix or a scalar, such as norm,
        -: 3492:    mean, sum, countNonZero, trace, determinant, repeat, and others.
        -: 3493:-   Matrix initializers ( Mat::eye(), Mat::zeros(), Mat::ones() ), matrix comma-separated
        -: 3494:    initializers, matrix constructors and operators that extract sub-matrices (see Mat description).
        -: 3495:-   Mat_<destination_type>() constructors to cast the result to the proper type.
        -: 3496:@note Comma-separated initializers and probably some other operations may require additional
        -: 3497:explicit Mat() or Mat_<T>() constructor calls to resolve a possible ambiguity.
        -: 3498:
        -: 3499:Here are examples of matrix expressions:
        -: 3500:@code
        -: 3501:    // compute pseudo-inverse of A, equivalent to A.inv(DECOMP_SVD)
        -: 3502:    SVD svd(A);
        -: 3503:    Mat pinvA = svd.vt.t()*Mat::diag(1./svd.w)*svd.u.t();
        -: 3504:
        -: 3505:    // compute the new vector of parameters in the Levenberg-Marquardt algorithm
        -: 3506:    x -= (A.t()*A + lambda*Mat::eye(A.cols,A.cols,A.type())).inv(DECOMP_CHOLESKY)*(A.t()*err);
        -: 3507:
        -: 3508:    // sharpen image using "unsharp mask" algorithm
        -: 3509:    Mat blurred; double sigma = 1, threshold = 5, amount = 1;
        -: 3510:    GaussianBlur(img, blurred, Size(), sigma, sigma);
        -: 3511:    Mat lowContrastMask = abs(img - blurred) < threshold;
        -: 3512:    Mat sharpened = img*(1+amount) + blurred*(-amount);
        -: 3513:    img.copyTo(sharpened, lowContrastMask);
        -: 3514:@endcode
        -: 3515:*/
        2: 3516:class CV_EXPORTS MatExpr
        1: 3516-block  0
        1: 3516-block  1
        1: 3516-block  2
        1: 3516-block  3
        -: 3517:{
        -: 3518:public:
        -: 3519:    MatExpr();
        -: 3520:    explicit MatExpr(const Mat& m);
        -: 3521:
        -: 3522:    MatExpr(const MatOp* _op, int _flags, const Mat& _a = Mat(), const Mat& _b = Mat(),
        -: 3523:            const Mat& _c = Mat(), double _alpha = 1, double _beta = 1, const Scalar& _s = Scalar());
        -: 3524:
        -: 3525:    operator Mat() const;
        -: 3526:    template<typename _Tp> operator Mat_<_Tp>() const;
        -: 3527:
        -: 3528:    Size size() const;
        -: 3529:    int type() const;
        -: 3530:
        -: 3531:    MatExpr row(int y) const;
        -: 3532:    MatExpr col(int x) const;
        -: 3533:    MatExpr diag(int d = 0) const;
        -: 3534:    MatExpr operator()( const Range& rowRange, const Range& colRange ) const;
        -: 3535:    MatExpr operator()( const Rect& roi ) const;
        -: 3536:
        -: 3537:    MatExpr t() const;
        -: 3538:    MatExpr inv(int method = DECOMP_LU) const;
        -: 3539:    MatExpr mul(const MatExpr& e, double scale=1) const;
        -: 3540:    MatExpr mul(const Mat& m, double scale=1) const;
        -: 3541:
        -: 3542:    Mat cross(const Mat& m) const;
        -: 3543:    double dot(const Mat& m) const;
        -: 3544:
        -: 3545:    const MatOp* op;
        -: 3546:    int flags;
        -: 3547:
        -: 3548:    Mat a, b, c;
        -: 3549:    double alpha, beta;
        -: 3550:    Scalar s;
        -: 3551:};
        -: 3552:
        -: 3553://! @} core_basic
        -: 3554:
        -: 3555://! @relates cv::MatExpr
        -: 3556://! @{
        -: 3557:CV_EXPORTS MatExpr operator + (const Mat& a, const Mat& b);
        -: 3558:CV_EXPORTS MatExpr operator + (const Mat& a, const Scalar& s);
        -: 3559:CV_EXPORTS MatExpr operator + (const Scalar& s, const Mat& a);
        -: 3560:CV_EXPORTS MatExpr operator + (const MatExpr& e, const Mat& m);
        -: 3561:CV_EXPORTS MatExpr operator + (const Mat& m, const MatExpr& e);
        -: 3562:CV_EXPORTS MatExpr operator + (const MatExpr& e, const Scalar& s);
        -: 3563:CV_EXPORTS MatExpr operator + (const Scalar& s, const MatExpr& e);
        -: 3564:CV_EXPORTS MatExpr operator + (const MatExpr& e1, const MatExpr& e2);
        -: 3565:template<typename _Tp, int m, int n> static inline
        -: 3566:MatExpr operator + (const Mat& a, const Matx<_Tp, m, n>& b) { return a + Mat(b); }
        -: 3567:template<typename _Tp, int m, int n> static inline
        -: 3568:MatExpr operator + (const Matx<_Tp, m, n>& a, const Mat& b) { return Mat(a) + b; }
        -: 3569:
        -: 3570:CV_EXPORTS MatExpr operator - (const Mat& a, const Mat& b);
        -: 3571:CV_EXPORTS MatExpr operator - (const Mat& a, const Scalar& s);
        -: 3572:CV_EXPORTS MatExpr operator - (const Scalar& s, const Mat& a);
        -: 3573:CV_EXPORTS MatExpr operator - (const MatExpr& e, const Mat& m);
        -: 3574:CV_EXPORTS MatExpr operator - (const Mat& m, const MatExpr& e);
        -: 3575:CV_EXPORTS MatExpr operator - (const MatExpr& e, const Scalar& s);
        -: 3576:CV_EXPORTS MatExpr operator - (const Scalar& s, const MatExpr& e);
        -: 3577:CV_EXPORTS MatExpr operator - (const MatExpr& e1, const MatExpr& e2);
        -: 3578:template<typename _Tp, int m, int n> static inline
        -: 3579:MatExpr operator - (const Mat& a, const Matx<_Tp, m, n>& b) { return a - Mat(b); }
        -: 3580:template<typename _Tp, int m, int n> static inline
        -: 3581:MatExpr operator - (const Matx<_Tp, m, n>& a, const Mat& b) { return Mat(a) - b; }
        -: 3582:
        -: 3583:CV_EXPORTS MatExpr operator - (const Mat& m);
        -: 3584:CV_EXPORTS MatExpr operator - (const MatExpr& e);
        -: 3585:
        -: 3586:CV_EXPORTS MatExpr operator * (const Mat& a, const Mat& b);
        -: 3587:CV_EXPORTS MatExpr operator * (const Mat& a, double s);
        -: 3588:CV_EXPORTS MatExpr operator * (double s, const Mat& a);
        -: 3589:CV_EXPORTS MatExpr operator * (const MatExpr& e, const Mat& m);
        -: 3590:CV_EXPORTS MatExpr operator * (const Mat& m, const MatExpr& e);
        -: 3591:CV_EXPORTS MatExpr operator * (const MatExpr& e, double s);
        -: 3592:CV_EXPORTS MatExpr operator * (double s, const MatExpr& e);
        -: 3593:CV_EXPORTS MatExpr operator * (const MatExpr& e1, const MatExpr& e2);
        -: 3594:template<typename _Tp, int m, int n> static inline
        -: 3595:MatExpr operator * (const Mat& a, const Matx<_Tp, m, n>& b) { return a * Mat(b); }
        -: 3596:template<typename _Tp, int m, int n> static inline
        -: 3597:MatExpr operator * (const Matx<_Tp, m, n>& a, const Mat& b) { return Mat(a) * b; }
        -: 3598:
        -: 3599:CV_EXPORTS MatExpr operator / (const Mat& a, const Mat& b);
        -: 3600:CV_EXPORTS MatExpr operator / (const Mat& a, double s);
        -: 3601:CV_EXPORTS MatExpr operator / (double s, const Mat& a);
        -: 3602:CV_EXPORTS MatExpr operator / (const MatExpr& e, const Mat& m);
        -: 3603:CV_EXPORTS MatExpr operator / (const Mat& m, const MatExpr& e);
        -: 3604:CV_EXPORTS MatExpr operator / (const MatExpr& e, double s);
        -: 3605:CV_EXPORTS MatExpr operator / (double s, const MatExpr& e);
        -: 3606:CV_EXPORTS MatExpr operator / (const MatExpr& e1, const MatExpr& e2);
        -: 3607:template<typename _Tp, int m, int n> static inline
        -: 3608:MatExpr operator / (const Mat& a, const Matx<_Tp, m, n>& b) { return a / Mat(b); }
        -: 3609:template<typename _Tp, int m, int n> static inline
        -: 3610:MatExpr operator / (const Matx<_Tp, m, n>& a, const Mat& b) { return Mat(a) / b; }
        -: 3611:
        -: 3612:CV_EXPORTS MatExpr operator < (const Mat& a, const Mat& b);
        -: 3613:CV_EXPORTS MatExpr operator < (const Mat& a, double s);
        -: 3614:CV_EXPORTS MatExpr operator < (double s, const Mat& a);
        -: 3615:template<typename _Tp, int m, int n> static inline
        -: 3616:MatExpr operator < (const Mat& a, const Matx<_Tp, m, n>& b) { return a < Mat(b); }
        -: 3617:template<typename _Tp, int m, int n> static inline
        -: 3618:MatExpr operator < (const Matx<_Tp, m, n>& a, const Mat& b) { return Mat(a) < b; }
        -: 3619:
        -: 3620:CV_EXPORTS MatExpr operator <= (const Mat& a, const Mat& b);
        -: 3621:CV_EXPORTS MatExpr operator <= (const Mat& a, double s);
        -: 3622:CV_EXPORTS MatExpr operator <= (double s, const Mat& a);
        -: 3623:template<typename _Tp, int m, int n> static inline
        -: 3624:MatExpr operator <= (const Mat& a, const Matx<_Tp, m, n>& b) { return a <= Mat(b); }
        -: 3625:template<typename _Tp, int m, int n> static inline
        -: 3626:MatExpr operator <= (const Matx<_Tp, m, n>& a, const Mat& b) { return Mat(a) <= b; }
        -: 3627:
        -: 3628:CV_EXPORTS MatExpr operator == (const Mat& a, const Mat& b);
        -: 3629:CV_EXPORTS MatExpr operator == (const Mat& a, double s);
        -: 3630:CV_EXPORTS MatExpr operator == (double s, const Mat& a);
        -: 3631:template<typename _Tp, int m, int n> static inline
        -: 3632:MatExpr operator == (const Mat& a, const Matx<_Tp, m, n>& b) { return a == Mat(b); }
        -: 3633:template<typename _Tp, int m, int n> static inline
        -: 3634:MatExpr operator == (const Matx<_Tp, m, n>& a, const Mat& b) { return Mat(a) == b; }
        -: 3635:
        -: 3636:CV_EXPORTS MatExpr operator != (const Mat& a, const Mat& b);
        -: 3637:CV_EXPORTS MatExpr operator != (const Mat& a, double s);
        -: 3638:CV_EXPORTS MatExpr operator != (double s, const Mat& a);
        -: 3639:template<typename _Tp, int m, int n> static inline
        -: 3640:MatExpr operator != (const Mat& a, const Matx<_Tp, m, n>& b) { return a != Mat(b); }
        -: 3641:template<typename _Tp, int m, int n> static inline
        -: 3642:MatExpr operator != (const Matx<_Tp, m, n>& a, const Mat& b) { return Mat(a) != b; }
        -: 3643:
        -: 3644:CV_EXPORTS MatExpr operator >= (const Mat& a, const Mat& b);
        -: 3645:CV_EXPORTS MatExpr operator >= (const Mat& a, double s);
        -: 3646:CV_EXPORTS MatExpr operator >= (double s, const Mat& a);
        -: 3647:template<typename _Tp, int m, int n> static inline
        -: 3648:MatExpr operator >= (const Mat& a, const Matx<_Tp, m, n>& b) { return a >= Mat(b); }
        -: 3649:template<typename _Tp, int m, int n> static inline
        -: 3650:MatExpr operator >= (const Matx<_Tp, m, n>& a, const Mat& b) { return Mat(a) >= b; }
        -: 3651:
        -: 3652:CV_EXPORTS MatExpr operator > (const Mat& a, const Mat& b);
        -: 3653:CV_EXPORTS MatExpr operator > (const Mat& a, double s);
        -: 3654:CV_EXPORTS MatExpr operator > (double s, const Mat& a);
        -: 3655:template<typename _Tp, int m, int n> static inline
        -: 3656:MatExpr operator > (const Mat& a, const Matx<_Tp, m, n>& b) { return a > Mat(b); }
        -: 3657:template<typename _Tp, int m, int n> static inline
        -: 3658:MatExpr operator > (const Matx<_Tp, m, n>& a, const Mat& b) { return Mat(a) > b; }
        -: 3659:
        -: 3660:CV_EXPORTS MatExpr operator & (const Mat& a, const Mat& b);
        -: 3661:CV_EXPORTS MatExpr operator & (const Mat& a, const Scalar& s);
        -: 3662:CV_EXPORTS MatExpr operator & (const Scalar& s, const Mat& a);
        -: 3663:template<typename _Tp, int m, int n> static inline
        -: 3664:MatExpr operator & (const Mat& a, const Matx<_Tp, m, n>& b) { return a & Mat(b); }
        -: 3665:template<typename _Tp, int m, int n> static inline
        -: 3666:MatExpr operator & (const Matx<_Tp, m, n>& a, const Mat& b) { return Mat(a) & b; }
        -: 3667:
        -: 3668:CV_EXPORTS MatExpr operator | (const Mat& a, const Mat& b);
        -: 3669:CV_EXPORTS MatExpr operator | (const Mat& a, const Scalar& s);
        -: 3670:CV_EXPORTS MatExpr operator | (const Scalar& s, const Mat& a);
        -: 3671:template<typename _Tp, int m, int n> static inline
        -: 3672:MatExpr operator | (const Mat& a, const Matx<_Tp, m, n>& b) { return a | Mat(b); }
        -: 3673:template<typename _Tp, int m, int n> static inline
        -: 3674:MatExpr operator | (const Matx<_Tp, m, n>& a, const Mat& b) { return Mat(a) | b; }
        -: 3675:
        -: 3676:CV_EXPORTS MatExpr operator ^ (const Mat& a, const Mat& b);
        -: 3677:CV_EXPORTS MatExpr operator ^ (const Mat& a, const Scalar& s);
        -: 3678:CV_EXPORTS MatExpr operator ^ (const Scalar& s, const Mat& a);
        -: 3679:template<typename _Tp, int m, int n> static inline
        -: 3680:MatExpr operator ^ (const Mat& a, const Matx<_Tp, m, n>& b) { return a ^ Mat(b); }
        -: 3681:template<typename _Tp, int m, int n> static inline
        -: 3682:MatExpr operator ^ (const Matx<_Tp, m, n>& a, const Mat& b) { return Mat(a) ^ b; }
        -: 3683:
        -: 3684:CV_EXPORTS MatExpr operator ~(const Mat& m);
        -: 3685:
        -: 3686:CV_EXPORTS MatExpr min(const Mat& a, const Mat& b);
        -: 3687:CV_EXPORTS MatExpr min(const Mat& a, double s);
        -: 3688:CV_EXPORTS MatExpr min(double s, const Mat& a);
        -: 3689:template<typename _Tp, int m, int n> static inline
        -: 3690:MatExpr min (const Mat& a, const Matx<_Tp, m, n>& b) { return min(a, Mat(b)); }
        -: 3691:template<typename _Tp, int m, int n> static inline
        -: 3692:MatExpr min (const Matx<_Tp, m, n>& a, const Mat& b) { return min(Mat(a), b); }
        -: 3693:
        -: 3694:CV_EXPORTS MatExpr max(const Mat& a, const Mat& b);
        -: 3695:CV_EXPORTS MatExpr max(const Mat& a, double s);
        -: 3696:CV_EXPORTS MatExpr max(double s, const Mat& a);
        -: 3697:template<typename _Tp, int m, int n> static inline
        -: 3698:MatExpr max (const Mat& a, const Matx<_Tp, m, n>& b) { return max(a, Mat(b)); }
        -: 3699:template<typename _Tp, int m, int n> static inline
        -: 3700:MatExpr max (const Matx<_Tp, m, n>& a, const Mat& b) { return max(Mat(a), b); }
        -: 3701:
        -: 3702:/** @brief Calculates an absolute value of each matrix element.
        -: 3703:
        -: 3704:abs is a meta-function that is expanded to one of absdiff or convertScaleAbs forms:
        -: 3705:- C = abs(A-B) is equivalent to `absdiff(A, B, C)`
        -: 3706:- C = abs(A) is equivalent to `absdiff(A, Scalar::all(0), C)`
        -: 3707:- C = `Mat_<Vec<uchar,n> >(abs(A*alpha + beta))` is equivalent to `convertScaleAbs(A, C, alpha,
        -: 3708:beta)`
        -: 3709:
        -: 3710:The output matrix has the same size and the same type as the input one except for the last case,
        -: 3711:where C is depth=CV_8U .
        -: 3712:@param m matrix.
        -: 3713:@sa @ref MatrixExpressions, absdiff, convertScaleAbs
        -: 3714: */
        -: 3715:CV_EXPORTS MatExpr abs(const Mat& m);
        -: 3716:/** @overload
        -: 3717:@param e matrix expression.
        -: 3718:*/
        -: 3719:CV_EXPORTS MatExpr abs(const MatExpr& e);
        -: 3720://! @} relates cv::MatExpr
        -: 3721:
        -: 3722:} // cv
        -: 3723:
        -: 3724:#include "opencv2/core/mat.inl.hpp"
        -: 3725:
        -: 3726:#endif // OPENCV_CORE_MAT_HPP
